<?xml version="1.0" encoding="UTF-8"?>
<!-- Generated by org.testng.reporters.JUnitReportReporter -->
<testsuite hostname="LAPTOP-LMD6839C" failures="0" tests="2" name="com.bancaedge.testcases.PolicyLeadPageTest" time="0.117" errors="1" timestamp="2022-11-03T14:37:39 IST" skipped="1">
  <testcase classname="com.bancaedge.testcases.PolicyLeadPageTest" name="validateHDFCInsurerName" time="0.000">
    <skipped/>
  </testcase> <!-- validateHDFCInsurerName -->
  <system-out/>
  <testcase classname="com.bancaedge.testcases.PolicyLeadPageTest" name="loadConfig" time="0.117">
    <error message="Malformed \uxxxx encoding." type="java.lang.IllegalArgumentException">
      <![CDATA[java.lang.IllegalArgumentException: Malformed \uxxxx encoding.
at java.base/java.util.Properties.loadConvert(Properties.java:653)
at java.base/java.util.Properties.load0(Properties.java:456)
at java.base/java.util.Properties.load(Properties.java:408)
at com.bancaedge.base.BaseClass.loadConfig(BaseClass.java:43)
at java.base/jdk.internal.reflect.NativeMethodAccessorImpl.invoke0(Native Method)
at java.base/jdk.internal.reflect.NativeMethodAccessorImpl.invoke(NativeMethodAccessorImpl.java:78)
at java.base/jdk.internal.reflect.DelegatingMethodAccessorImpl.invoke(DelegatingMethodAccessorImpl.java:43)
at java.base/java.lang.reflect.Method.invoke(Method.java:567)
at org.testng.internal.MethodInvocationHelper.invokeMethod(MethodInvocationHelper.java:133)
at org.testng.internal.MethodInvocationHelper.invokeMethodConsideringTimeout(MethodInvocationHelper.java:62)
at org.testng.internal.ConfigInvoker.invokeConfigurationMethod(ConfigInvoker.java:385)
at org.testng.internal.ConfigInvoker.invokeConfigurations(ConfigInvoker.java:321)
at org.testng.TestRunner.invokeTestConfigurations(TestRunner.java:637)
at org.testng.TestRunner.beforeRun(TestRunner.java:627)
at org.testng.TestRunner.run(TestRunner.java:589)
at org.testng.SuiteRunner.runTest(SuiteRunner.java:377)
at org.testng.SuiteRunner.runSequentially(SuiteRunner.java:371)
at org.testng.SuiteRunner.privateRun(SuiteRunner.java:332)
at org.testng.SuiteRunner.run(SuiteRunner.java:276)
at org.testng.SuiteRunnerWorker.runSuite(SuiteRunnerWorker.java:53)
at org.testng.SuiteRunnerWorker.run(SuiteRunnerWorker.java:96)
at org.testng.TestNG.runSuitesSequentially(TestNG.java:1212)
at org.testng.TestNG.runSuitesLocally(TestNG.java:1134)
at org.testng.TestNG.runSuites(TestNG.java:1063)
at org.testng.TestNG.run(TestNG.java:1031)
at org.testng.remote.AbstractRemoteTestNG.run(AbstractRemoteTestNG.java:115)
at org.testng.remote.RemoteTestNG.initAndRun(RemoteTestNG.java:251)
at org.testng.remote.RemoteTestNG.main(RemoteTestNG.java:77)
]]>
    </error>
  </testcase> <!-- loadConfig -->
  <system-out/>
</testsuite> <!-- com.bancaedge.testcases.PolicyLeadPageTest -->
